c:\users\student\desktop\hackathon002\hackathonproj1\debug\vc140.pdb
c:\users\student\desktop\hackathon002\hackathonproj1\debug\vc140.idb
c:\users\student\desktop\hackathon002\hackathonproj1\debug\directinput.obj
c:\users\student\desktop\hackathon002\hackathonproj1\debug\input.obj
c:\users\student\desktop\hackathon002\hackathonproj1\debug\keyboard.obj
c:\users\student\desktop\hackathon002\hackathonproj1\debug\main.obj
c:\users\student\desktop\hackathon002\hackathonproj1\debug\mouse.obj
c:\users\student\desktop\hackathon002\hackathonproj1\debug\game.obj
c:\users\student\desktop\hackathon002\hackathonproj1\debug\manager.obj
c:\users\student\desktop\hackathon002\hackathonproj1\debug\player.obj
c:\users\student\desktop\hackathon002\hackathonproj1\debug\renderer.obj
c:\users\student\desktop\hackathon002\hackathonproj1\debug\scene2d.obj
c:\users\student\desktop\hackathon002\hackathonproj1\debug\texture.obj
c:\users\student\desktop\hackathon002\hackathonproj1\debug\xinput.obj
c:\users\student\desktop\hackathon002\hackathonproj1\debug\polygon.obj
c:\users\student\desktop\hackathon002\hackathonproj1\debug\scene.obj
c:\users\student\desktop\hackathon002\hackathonproj1\debug\bg.obj
c:\users\student\desktop\hackathon002\hackathonproj1\debug\fade.obj
c:\users\student\desktop\hackathon002\hackathonproj1\debug\result.obj
c:\users\student\desktop\hackathon002\hackathonproj1\debug\title.obj
c:\users\student\desktop\hackathon002\hackathonproj1\debug\sound.obj
c:\users\student\desktop\hackathon002\hackathonproj1\debug\scene2d.obj.enc
c:\users\student\desktop\hackathon002\hackathonproj1\debug\hackathonproj1.pdb
c:\users\student\desktop\hackathon002\hackathonproj1\debug\hackathonproj1.tlog\cl.command.1.tlog
c:\users\student\desktop\hackathon002\hackathonproj1\debug\hackathonproj1.tlog\cl.read.1.tlog
c:\users\student\desktop\hackathon002\hackathonproj1\debug\hackathonproj1.tlog\cl.write.1.tlog
c:\users\student\desktop\hackathon002\hackathonproj1\debug\hackathonproj1.tlog\link.4348-cvtres.read.1.tlog
c:\users\student\desktop\hackathon002\hackathonproj1\debug\hackathonproj1.tlog\link.4348-cvtres.write.1.tlog
c:\users\student\desktop\hackathon002\hackathonproj1\debug\hackathonproj1.tlog\link.4348-rc.read.1.tlog
c:\users\student\desktop\hackathon002\hackathonproj1\debug\hackathonproj1.tlog\link.4348-rc.write.1.tlog
c:\users\student\desktop\hackathon002\hackathonproj1\debug\hackathonproj1.tlog\link.4348.read.1.tlog
c:\users\student\desktop\hackathon002\hackathonproj1\debug\hackathonproj1.tlog\link.4348.write.1.tlog
c:\users\student\desktop\hackathon002\hackathonproj1\debug\hackathonproj1.tlog\link.command.1.tlog
c:\users\student\desktop\hackathon002\hackathonproj1\debug\hackathonproj1.tlog\link.read.1.tlog
c:\users\student\desktop\hackathon002\hackathonproj1\debug\hackathonproj1.tlog\link.write.1.tlog
