  weight.cpp
  texture.cpp
  scene2D.cpp
  player.cpp
c:\users\student\desktop\gitゲームフォルダ\hackathon002\hackathonproj1\player.cpp(103): warning C4244: '引数': 'float' から 'int' への変換です。データが失われる可能性があります。
  number.cpp
  game.cpp
  コードを生成中...
  コンパイル中...
  title.cpp
  score.cpp
  scene.cpp
  result.cpp
  polygon.cpp
  manager.cpp
  fade.cpp
  effect.cpp
c:\users\student\desktop\gitゲームフォルダ\hackathon002\hackathonproj1\effect.cpp(14): error C2512: 'CScene2D::CScene2D': クラス、構造体、共用体に既定のコンストラクターがありません。
  bg.cpp
  XInput.cpp
c:\users\student\desktop\gitゲームフォルダ\hackathon002\hackathonproj1\xinput.cpp(48): warning C4800: 'int': ブール値を 'true' または 'false' に強制的に設定します (警告の処理)
  SetEffect.cpp
  Renderer.cpp
  Movement.cpp
  MouseTracking.cpp
  コードを生成中...
